Starting passenger 0
Starting passenger 3
Starting passenger 2
Starting passenger 7
Starting passenger 9
Starting passenger 11
Starting passenger 6
Starting passenger 13
Starting passenger 15
Starting passenger 5
Starting passenger 10
Starting passenger 20
Starting passenger 21
Starting passenger 8
Starting passenger 14
Starting passenger 1
Starting passenger 16
Starting passenger 17
Starting passenger 37
Starting passenger 18
Starting passenger 42
Starting passenger 44
Starting passenger 46
Starting passenger 48
Starting passenger 24
Starting passenger 25
Starting passenger 26
Starting passenger 27
Starting passenger 28
Starting passenger 30
Starting passenger 29
Starting passenger 31
Starting passenger 32
Starting passenger 33
Starting passenger 34
Starting passenger 35
Starting passenger 36
Starting passenger 38
Starting passenger 19
Starting passenger 39
Starting passenger 40
Starting passenger 41
Starting passenger 4
Starting passenger 43
Starting passenger 12
Starting passenger 45
Starting passenger 23
Starting passenger 47
Starting passenger 22
Starting passenger 49
Passenger 0 requesting 15->17
Passenger 13 requesting 16->26
Passenger 44 requesting 0->7
Starting elevator 0
Starting elevator 1
Passenger 8 requesting 11->8
Passenger 3 requesting 18->8
Starting elevator 3
Starting elevator 2
Passenger 1 requesting 14->9
Passenger 18 requesting 16->18
Passenger 24 requesting 2->18
Passenger 27 requesting 27->8
Passenger 46 requesting 19->17
Passenger 6 requesting 10->9
Passenger 28 requesting 15->13
Passenger 35 requesting 23->4
Passenger 19 requesting 23->19
Passenger 9 requesting 1->24
Passenger 11 requesting 3->5
Passenger 45 requesting 17->26
Passenger 14 requesting 27->25
Passenger 17 requesting 22->17
Passenger 47 requesting 16->21
Passenger 2 requesting 9->12
Passenger 22 requesting 23->3
Passenger 7 requesting 19->2
Passenger 40 requesting 1->17
Passenger 10 requesting 2->10
Passenger 31 requesting 14->23
Passenger 20 requesting 19->18
Passenger 39 requesting 2->0
Passenger 21 requesting 6->23
Passenger 30 requesting 19->14
Passenger 37 requesting 16->7
Passenger 23 requesting 6->24
Passenger 42 requesting 3->12
Passenger 38 requesting 0->14
Passenger 26 requesting 26->4
Passenger 12 requesting 20->4
Passenger 36 requesting 1->7
Passenger 48 requesting 9->23
Passenger 41 requesting 25->22
Passenger 34 requesting 17->15
Passenger 49 requesting 22->12
Passenger 16 requesting 24->4
Passenger 5 requesting 17->12
Passenger 33 requesting 26->0
Passenger 43 requesting 7->7
Passenger 32 requesting 10->8
Passenger 4 requesting 5->18
Passenger 25 requesting 26->6
Passenger 15 requesting 1->18
Passenger 29 requesting 5->7
Opening elevator 0 at floor 0
Opening elevator 0 at floor 0
Closing elevator 0 at floor 0
Moving elevator 0 up from 0
Moving elevator 0 up from 0
Opening elevator 0 at floor 1
Opening elevator 0 at floor 1
Closing elevator 0 at floor 1
Moving elevator 0 up from 1
Moving elevator 0 up from 1
Opening elevator 0 at floor 2
Opening elevator 0 at floor 2
Closing elevator 0 at floor 2
Moving elevator 0 up from 2
Moving elevator 0 up from 2
Opening elevator 0 at floor 3
Opening elevator 0 at floor 3
Closing elevator 0 at floor 3
Moving elevator 0 up from 3
Moving elevator 0 up from 3
Opening elevator 0 at floor 4
Opening elevator 0 at floor 4
Closing elevator 0 at floor 4
Moving elevator 0 up from 4
Moving elevator 0 up from 4
Opening elevator 0 at floor 5
Opening elevator 0 at floor 5
Closing elevator 0 at floor 5
Moving elevator 0 up from 5
Moving elevator 0 up from 5
Opening elevator 0 at floor 6
Opening elevator 0 at floor 6
Closing elevator 0 at floor 6
Moving elevator 0 up from 6
Moving elevator 0 up from 6
Opening elevator 0 at floor 7
Opening elevator 0 at floor 7
Closing elevator 0 at floor 7
Moving elevator 0 up from 7
Moving elevator 0 up from 7
Opening elevator 0 at floor 8
Opening elevator 0 at floor 8
Closing elevator 0 at floor 8
Moving elevator 0 up from 8
Moving elevator 0 up from 8
Opening elevator 0 at floor 9
Opening elevator 0 at floor 9
Closing elevator 0 at floor 9
Moving elevator 0 up from 9
Moving elevator 0 up from 9
Opening elevator 0 at floor 10
Opening elevator 0 at floor 10
Closing elevator 0 at floor 10
Moving elevator 0 up from 10
Moving elevator 0 up from 10
Opening elevator 0 at floor 11
Opening elevator 0 at floor 11
Closing elevator 0 at floor 11
Moving elevator 0 up from 11
Moving elevator 0 up from 11
Opening elevator 0 at floor 12
Opening elevator 0 at floor 12
Closing elevator 0 at floor 12
Moving elevator 0 up from 12
Moving elevator 0 up from 12
Opening elevator 0 at floor 13
Opening elevator 0 at floor 13
Closing elevator 0 at floor 13
Moving elevator 0 up from 13
Moving elevator 0 up from 13
Opening elevator 0 at floor 14
Opening elevator 0 at floor 14
Closing elevator 0 at floor 14
Moving elevator 0 up from 14
Moving elevator 0 up from 14
Opening elevator 0 at floor 15
Opening elevator 0 at floor 15
