Starting passenger 0
Starting passenger 1
Starting passenger 5
Starting passenger 3
Starting passenger 7
Starting passenger 2
Starting passenger 6
Starting passenger 4
Starting passenger 13
Starting passenger 15
Starting passenger 10
Starting passenger 18
Starting passenger 19
Starting passenger 8
Starting passenger 14
Starting passenger 9
Starting passenger 16
Starting passenger 24
Starting passenger 25
Starting passenger 12
Starting passenger 20
Starting passenger 21
Starting passenger 22
Starting passenger 23
Starting passenger 36
Starting passenger 26
Starting passenger 40
Starting passenger 42
Starting passenger 44
Starting passenger 28
Starting passenger 29
Starting passenger 30
Starting passenger 31
Starting passenger 32
Starting passenger 33
Starting passenger 34
Starting passenger 35
Starting passenger 37
Starting passenger 11
Starting passenger 38
Starting passenger 39
Starting passenger 17
Starting passenger 41
Starting passenger 43
Starting passenger 27
Starting passenger 45
Starting passenger 47
Starting passenger 48
Starting passenger 46
Starting passenger 49
Passenger 5 requesting 9->17
Passenger 43 requesting 7->26
Starting elevator 0
Passenger 4 requesting 16->7
Starting elevator 1
Passenger 15 requesting 17->8
Starting elevator 3
Starting elevator 2
Passenger 7 requesting 1->8
Passenger 0 requesting 15->9
Passenger 3 requesting 19->18
Passenger 8 requesting 11->18
Passenger 19 requesting 6->8
Passenger 18 requesting 19->17
Passenger 10 requesting 2->9
Passenger 6 requesting 10->13
Passenger 14 requesting 27->4
Passenger 2 requesting 3->19
Passenger 12 requesting 16->24
Passenger 16 requesting 24->5
Passenger 9 requesting 14->26
Passenger 22 requesting 19->25
Passenger 20 requesting 3->17
Passenger 23 requesting 9->21
Passenger 24 requesting 22->12
Passenger 36 requesting 2->3
Passenger 21 requesting 0->2
Passenger 13 requesting 1->17
Passenger 26 requesting 26->10
Passenger 25 requesting 16->23
Passenger 28 requesting 19->18
Passenger 42 requesting 27->0
Passenger 40 requesting 26->23
Passenger 44 requesting 15->14
Passenger 31 requesting 10->7
Passenger 29 requesting 5->24
Passenger 30 requesting 14->12
Passenger 34 requesting 23->14
Passenger 11 requesting 23->4
Passenger 39 requesting 1->4
Passenger 35 requesting 1->7
Passenger 32 requesting 26->23
Passenger 27 requesting 20->22
Passenger 45 requesting 17->15
Passenger 46 requesting 23->12
Passenger 1 requesting 18->4
Passenger 41 requesting 5->12
Passenger 17 requesting 25->0
Passenger 47 requesting 6->7
Passenger 49 requesting 22->8
Passenger 37 requesting 0->18
Passenger 38 requesting 2->6
Passenger 33 requesting 17->18
Passenger 48 requesting 16->7
Opening elevator 0 at floor 0
Opening elevator 1 at floor 0
Opening elevator 3 at floor 0
Opening elevator 2 at floor 0
Opening elevator 0 at floor 0
Closing elevator 0 at floor 0
Opening elevator 1 at floor 0
Opening elevator 2 at floor 0
Closing elevator 1 at floor 0
Opening elevator 3 at floor 0
Closing elevator 2 at floor 0
Moving elevator 0 up from 0
Moving elevator 1 up from 0
Moving elevator 2 up from 0
Moving elevator 0 up from 0
Opening elevator 0 at floor 1
Moving elevator 1 up from 0
Moving elevator 2 up from 0
Opening elevator 2 at floor 1
Opening elevator 1 at floor 1
Opening elevator 0 at floor 1
Closing elevator 0 at floor 1
Opening elevator 2 at floor 1
Opening elevator 1 at floor 1
Closing elevator 2 at floor 1
Closing elevator 3 at floor 0
Moving elevator 0 up from 1
Moving elevator 2 up from 1
Moving elevator 3 up from 0
Moving elevator 0 up from 1
Opening elevator 0 at floor 2
Moving elevator 2 up from 1
Opening elevator 2 at floor 2
Moving elevator 3 up from 0
Opening elevator 3 at floor 1
Opening elevator 0 at floor 2
Closing elevator 1 at floor 1
Opening elevator 2 at floor 2
Closing elevator 2 at floor 2
Opening elevator 3 at floor 1
Closing elevator 0 at floor 2
Moving elevator 1 up from 1
Moving elevator 2 up from 2
Moving elevator 0 up from 2
Moving elevator 1 up from 1
Opening elevator 1 at floor 2
Moving elevator 2 up from 2
Opening elevator 2 at floor 3
Moving elevator 0 up from 2
Opening elevator 0 at floor 3
Opening elevator 1 at floor 2
Closing elevator 1 at floor 2
Opening elevator 2 at floor 3
Closing elevator 2 at floor 3
Opening elevator 0 at floor 3
Closing elevator 3 at floor 1
Moving elevator 1 up from 2
Moving elevator 2 up from 3
Moving elevator 3 up from 1
Moving elevator 1 up from 2
Opening elevator 1 at floor 3
Moving elevator 2 up from 3
Opening elevator 2 at floor 4
Moving elevator 3 up from 1
Opening elevator 3 at floor 2
Opening elevator 1 at floor 3
Closing elevator 1 at floor 3
Opening elevator 2 at floor 4
Opening elevator 3 at floor 2
Closing elevator 0 at floor 3
Closing elevator 2 at floor 4
Moving elevator 1 up from 3
Moving elevator 0 up from 3
Moving elevator 2 up from 4
Moving elevator 1 up from 3
Opening elevator 1 at floor 4
Moving elevator 0 up from 3
Opening elevator 0 at floor 4
Moving elevator 2 up from 4
Opening elevator 2 at floor 5
Opening elevator 1 at floor 4
Closing elevator 3 at floor 2
Opening elevator 0 at floor 4
Closing elevator 0 at floor 4
Opening elevator 2 at floor 5
Closing elevator 2 at floor 5
Moving elevator 3 up from 2
Moving elevator 0 up from 4
Moving elevator 2 up from 5
Moving elevator 3 up from 2
Opening elevator 3 at floor 3
Moving elevator 0 up from 4
Opening elevator 0 at floor 5
Moving elevator 2 up from 5
Opening elevator 2 at floor 6
Opening elevator 3 at floor 3
Closing elevator 3 at floor 3
Opening elevator 0 at floor 5
Closing elevator 0 at floor 5
Opening elevator 2 at floor 6
Closing elevator 2 at floor 6
Moving elevator 3 up from 3
Moving elevator 0 up from 5
Moving elevator 2 up from 6
Moving elevator 3 up from 3
Opening elevator 3 at floor 4
Moving elevator 0 up from 5
Opening elevator 0 at floor 6
Moving elevator 2 up from 6
Opening elevator 2 at floor 7
Opening elevator 3 at floor 4
Closing elevator 3 at floor 4
Opening elevator 0 at floor 6
Closing elevator 1 at floor 4
Opening elevator 2 at floor 7
Closing elevator 2 at floor 7
Moving elevator 3 up from 4
Moving elevator 1 up from 4
Moving elevator 2 up from 7
Moving elevator 3 up from 4
Opening elevator 3 at floor 5
Moving elevator 1 up from 4
Opening elevator 1 at floor 5
Moving elevator 2 up from 7
Opening elevator 2 at floor 8
Opening elevator 3 at floor 5
Closing elevator 3 at floor 5
Opening elevator 1 at floor 5
Closing elevator 1 at floor 5
Opening elevator 2 at floor 8
Closing elevator 0 at floor 6
Moving elevator 3 up from 5
Moving elevator 1 up from 5
Moving elevator 0 up from 6
Moving elevator 3 up from 5
Opening elevator 3 at floor 6
Moving elevator 1 up from 5
Opening elevator 1 at floor 6
Moving elevator 0 up from 6
Opening elevator 0 at floor 7
Opening elevator 3 at floor 6
Closing elevator 2 at floor 8
Opening elevator 1 at floor 6
Closing elevator 1 at floor 6
Opening elevator 0 at floor 7
Closing elevator 3 at floor 6
Moving elevator 2 up from 8
Moving elevator 1 up from 6
Moving elevator 3 up from 6
Moving elevator 2 up from 8
Opening elevator 2 at floor 9
Moving elevator 1 up from 6
Opening elevator 1 at floor 7
Moving elevator 3 up from 6
Opening elevator 3 at floor 7
Opening elevator 2 at floor 9
Closing elevator 0 at floor 7
Opening elevator 1 at floor 7
Closing elevator 1 at floor 7
Opening elevator 3 at floor 7
Closing elevator 2 at floor 9
Moving elevator 0 up from 7
Moving elevator 1 up from 7
Moving elevator 2 up from 9
Moving elevator 0 up from 7
Opening elevator 0 at floor 8
Moving elevator 1 up from 7
Opening elevator 1 at floor 8
Moving elevator 2 up from 9
Opening elevator 2 at floor 10
Opening elevator 0 at floor 8
Closing elevator 0 at floor 8
Opening elevator 1 at floor 8
Closing elevator 3 at floor 7
Opening elevator 2 at floor 10
Closing elevator 2 at floor 10
Moving elevator 0 up from 8
Moving elevator 3 up from 7
Moving elevator 2 up from 10
Moving elevator 0 up from 8
Opening elevator 0 at floor 9
Moving elevator 3 up from 7
Opening elevator 3 at floor 8
Moving elevator 2 up from 10
Opening elevator 2 at floor 11
Opening elevator 0 at floor 9
Closing elevator 0 at floor 9
Opening elevator 3 at floor 8
Closing elevator 1 at floor 8
Opening elevator 2 at floor 11
Closing elevator 2 at floor 11
Moving elevator 0 up from 9
Moving elevator 1 up from 8
Moving elevator 2 up from 11
Moving elevator 0 up from 9
Opening elevator 0 at floor 10
Moving elevator 1 up from 8
Opening elevator 1 at floor 9
Moving elevator 2 up from 11
Opening elevator 2 at floor 12
Opening elevator 0 at floor 10
Closing elevator 0 at floor 10
Opening elevator 1 at floor 9
Closing elevator 3 at floor 8
Opening elevator 2 at floor 12
Closing elevator 1 at floor 9
Moving elevator 0 up from 10
Moving elevator 3 up from 8
Moving elevator 1 up from 9
Moving elevator 0 up from 10
Opening elevator 0 at floor 11
Moving elevator 3 up from 8
Opening elevator 3 at floor 9
Moving elevator 1 up from 9
Opening elevator 1 at floor 10
Opening elevator 0 at floor 11
Opening elevator 3 at floor 9
Closing elevator 2 at floor 12
Opening elevator 1 at floor 10
Closing elevator 0 at floor 11
Moving elevator 2 up from 12
Moving elevator 0 up from 11
Moving elevator 2 up from 12
Opening elevator 2 at floor 13
Moving elevator 0 up from 11
Opening elevator 0 at floor 12
Opening elevator 2 at floor 13
Closing elevator 2 at floor 13
Opening elevator 0 at floor 12
Closing elevator 3 at floor 9
Moving elevator 2 up from 13
Moving elevator 3 up from 9
Moving elevator 2 up from 13
Opening elevator 2 at floor 14
Moving elevator 3 up from 9
Opening elevator 3 at floor 10
Opening elevator 2 at floor 14
Closing elevator 2 at floor 14
Opening elevator 3 at floor 10
Closing elevator 1 at floor 10
Moving elevator 2 up from 14
Moving elevator 1 up from 10
Moving elevator 2 up from 14
Opening elevator 2 at floor 15
Moving elevator 1 up from 10
Opening elevator 1 at floor 11
Opening elevator 2 at floor 15
Closing elevator 0 at floor 12
Opening elevator 1 at floor 11
Closing elevator 3 at floor 10
Moving elevator 0 up from 12
Moving elevator 3 up from 10
Moving elevator 0 up from 12
Opening elevator 0 at floor 13
Moving elevator 3 up from 10
Opening elevator 3 at floor 11
Opening elevator 0 at floor 13
Closing elevator 0 at floor 13
Opening elevator 3 at floor 11
Closing elevator 1 at floor 11
Moving elevator 0 up from 13
Moving elevator 1 up from 11
Moving elevator 0 up from 13
Opening elevator 0 at floor 14
Moving elevator 1 up from 11
Opening elevator 1 at floor 12
Opening elevator 0 at floor 14
Closing elevator 0 at floor 14
Opening elevator 1 at floor 12
Closing elevator 3 at floor 11
Moving elevator 0 up from 14
Moving elevator 3 up from 11
Moving elevator 0 up from 14
Opening elevator 0 at floor 15
Moving elevator 3 up from 11
Opening elevator 3 at floor 12
Opening elevator 0 at floor 15
Closing elevator 0 at floor 15
Opening elevator 3 at floor 12
Closing elevator 1 at floor 12
Moving elevator 0 up from 15
Moving elevator 1 up from 12
Moving elevator 0 up from 15
Opening elevator 0 at floor 16
Moving elevator 1 up from 12
Opening elevator 1 at floor 13
Opening elevator 0 at floor 16
Closing elevator 0 at floor 16
Opening elevator 1 at floor 13
Closing elevator 3 at floor 12
Moving elevator 0 up from 16
Moving elevator 3 up from 12
Moving elevator 0 up from 16
Opening elevator 0 at floor 17
Moving elevator 3 up from 12
Opening elevator 3 at floor 13
Opening elevator 0 at floor 17
Closing elevator 0 at floor 17
Opening elevator 3 at floor 13
Closing elevator 1 at floor 13
Moving elevator 0 up from 17
Moving elevator 1 up from 13
Moving elevator 0 up from 17
Opening elevator 0 at floor 18
Moving elevator 1 up from 13
Opening elevator 1 at floor 14
Opening elevator 0 at floor 18
Closing elevator 0 at floor 18
Opening elevator 1 at floor 14
Closing elevator 3 at floor 13
Moving elevator 0 up from 18
Moving elevator 3 up from 13
Moving elevator 0 up from 18
Opening elevator 0 at floor 19
Moving elevator 3 up from 13
Opening elevator 3 at floor 14
Opening elevator 0 at floor 19
Closing elevator 0 at floor 19
Opening elevator 3 at floor 14
Closing elevator 1 at floor 14
Moving elevator 0 up from 19
Moving elevator 1 up from 14
Moving elevator 0 up from 19
Opening elevator 0 at floor 20
Moving elevator 1 up from 14
Opening elevator 1 at floor 15
Opening elevator 0 at floor 20
Closing elevator 2 at floor 15
Opening elevator 1 at floor 15
Closing elevator 3 at floor 14
Moving elevator 2 up from 15
Moving elevator 3 up from 14
Moving elevator 2 up from 15
Opening elevator 2 at floor 16
Moving elevator 3 up from 14
Opening elevator 3 at floor 15
Opening elevator 2 at floor 16
Closing elevator 2 at floor 16
Opening elevator 3 at floor 15
Closing elevator 1 at floor 15
Moving elevator 2 up from 16
Moving elevator 1 up from 15
Moving elevator 2 up from 16
Opening elevator 2 at floor 17
Moving elevator 1 up from 15
Opening elevator 1 at floor 16
Opening elevator 2 at floor 17
Closing elevator 2 at floor 17
Opening elevator 1 at floor 16
Closing elevator 3 at floor 15
Moving elevator 2 up from 17
Moving elevator 3 up from 15
Moving elevator 2 up from 17
Opening elevator 2 at floor 18
Moving elevator 3 up from 15
Opening elevator 3 at floor 16
Opening elevator 2 at floor 18
Closing elevator 2 at floor 18
Opening elevator 3 at floor 16
Closing elevator 1 at floor 16
Moving elevator 2 up from 18
Moving elevator 1 up from 16
Moving elevator 2 up from 18
Opening elevator 2 at floor 19
Moving elevator 1 up from 16
Opening elevator 1 at floor 17
Opening elevator 2 at floor 19
Closing elevator 2 at floor 19
Opening elevator 1 at floor 17
Closing elevator 3 at floor 16
Moving elevator 2 up from 19
Moving elevator 3 up from 16
Moving elevator 2 up from 19
Opening elevator 2 at floor 20
Moving elevator 3 up from 16
Opening elevator 3 at floor 17
Opening elevator 2 at floor 20
Closing elevator 2 at floor 20
Opening elevator 3 at floor 17
Closing elevator 3 at floor 17
Moving elevator 2 up from 20
Moving elevator 3 up from 17
Moving elevator 2 up from 20
Opening elevator 2 at floor 21
Moving elevator 3 up from 17
Opening elevator 3 at floor 18
Opening elevator 2 at floor 21
Closing elevator 1 at floor 17
Opening elevator 3 at floor 18
Closing elevator 3 at floor 18
Moving elevator 1 up from 17
Moving elevator 3 up from 18
Moving elevator 1 up from 17
Opening elevator 1 at floor 18
Moving elevator 3 up from 18
Opening elevator 3 at floor 19
Opening elevator 1 at floor 18
Closing elevator 2 at floor 21
Opening elevator 3 at floor 19
Closing elevator 3 at floor 19
Moving elevator 2 up from 21
Moving elevator 3 up from 19
Moving elevator 2 up from 21
Opening elevator 2 at floor 22
Moving elevator 3 up from 19
Opening elevator 3 at floor 20
Opening elevator 2 at floor 22
Closing elevator 1 at floor 18
Opening elevator 3 at floor 20
Closing elevator 3 at floor 20
Moving elevator 1 up from 18
Moving elevator 3 up from 20
Moving elevator 1 up from 18
Opening elevator 1 at floor 19
Moving elevator 3 up from 20
Opening elevator 3 at floor 21
Opening elevator 1 at floor 19
Closing elevator 2 at floor 22
Opening elevator 3 at floor 21
Closing elevator 3 at floor 21
Moving elevator 2 up from 22
Moving elevator 3 up from 21
Moving elevator 2 up from 22
Opening elevator 2 at floor 23
Moving elevator 3 up from 21
Opening elevator 3 at floor 22
Opening elevator 2 at floor 23
Closing elevator 1 at floor 19
Opening elevator 3 at floor 22
Closing elevator 3 at floor 22
Moving elevator 1 up from 19
Moving elevator 3 up from 22
Moving elevator 1 up from 19
Opening elevator 1 at floor 20
Moving elevator 3 up from 22
Opening elevator 3 at floor 23
Opening elevator 1 at floor 20
Closing elevator 2 at floor 23
Opening elevator 3 at floor 23
Closing elevator 3 at floor 23
Moving elevator 2 up from 23
Moving elevator 3 up from 23
Moving elevator 2 up from 23
Opening elevator 2 at floor 24
Moving elevator 3 up from 23
Opening elevator 3 at floor 24
Opening elevator 2 at floor 24
Closing elevator 1 at floor 20
Opening elevator 3 at floor 24
Closing elevator 3 at floor 24
Moving elevator 1 up from 20
Moving elevator 3 up from 24
Moving elevator 1 up from 20
Opening elevator 1 at floor 21
Moving elevator 3 up from 24
Opening elevator 3 at floor 25
Opening elevator 1 at floor 21
Closing elevator 2 at floor 24
Opening elevator 3 at floor 25
Closing elevator 3 at floor 25
Moving elevator 2 up from 24
Moving elevator 3 up from 25
Moving elevator 2 up from 24
Opening elevator 2 at floor 25
Moving elevator 3 up from 25
Opening elevator 3 at floor 26
Opening elevator 2 at floor 25
Closing elevator 1 at floor 21
Opening elevator 3 at floor 26
Closing elevator 3 at floor 26
Moving elevator 1 up from 21
Moving elevator 3 up from 26
Moving elevator 1 up from 21
Opening elevator 1 at floor 22
Moving elevator 3 up from 26
Opening elevator 3 at floor 27
Opening elevator 1 at floor 22
Closing elevator 0 at floor 20
Opening elevator 3 at floor 27
Closing elevator 3 at floor 27
Moving elevator 0 down from 20
Moving elevator 3 down from 27
Moving elevator 0 down from 20
Opening elevator 0 at floor 19
Moving elevator 3 down from 27
Opening elevator 3 at floor 26
Opening elevator 0 at floor 19
Closing elevator 1 at floor 22
Opening elevator 3 at floor 26
Closing elevator 3 at floor 26
Moving elevator 1 down from 22
Moving elevator 3 down from 26
Moving elevator 1 down from 22
Opening elevator 1 at floor 21
Moving elevator 3 down from 26
Opening elevator 3 at floor 25
Opening elevator 1 at floor 21
Closing elevator 0 at floor 19
Opening elevator 3 at floor 25
Closing elevator 3 at floor 25
Moving elevator 0 down from 19
Moving elevator 3 down from 25
Moving elevator 0 down from 19
Opening elevator 0 at floor 18
Moving elevator 3 down from 25
Opening elevator 3 at floor 24
Opening elevator 0 at floor 18
Closing elevator 1 at floor 21
Opening elevator 3 at floor 24
Closing elevator 3 at floor 24
Moving elevator 1 down from 21
Moving elevator 3 down from 24
Moving elevator 1 down from 21
Opening elevator 1 at floor 20
Moving elevator 3 down from 24
Opening elevator 3 at floor 23
Opening elevator 1 at floor 20
Closing elevator 0 at floor 18
Opening elevator 3 at floor 23
Closing elevator 3 at floor 23
Moving elevator 0 down from 18
Moving elevator 3 down from 23
Moving elevator 0 down from 18
Opening elevator 0 at floor 17
Moving elevator 3 down from 23
Opening elevator 3 at floor 22
Opening elevator 0 at floor 17
Closing elevator 1 at floor 20
Opening elevator 3 at floor 22
Closing elevator 3 at floor 22
Moving elevator 1 down from 20
Moving elevator 3 down from 22
Moving elevator 1 down from 20
Opening elevator 1 at floor 19
Moving elevator 3 down from 22
Opening elevator 3 at floor 21
Opening elevator 1 at floor 19
Closing elevator 0 at floor 17
Opening elevator 3 at floor 21
Closing elevator 3 at floor 21
Moving elevator 0 down from 17
Moving elevator 3 down from 21
Moving elevator 0 down from 17
Opening elevator 0 at floor 16
Moving elevator 3 down from 21
Opening elevator 3 at floor 20
Opening elevator 0 at floor 16
Closing elevator 0 at floor 16
Opening elevator 3 at floor 20
Closing elevator 2 at floor 25
Moving elevator 0 down from 16
Moving elevator 2 down from 25
Moving elevator 0 down from 16
Opening elevator 0 at floor 15
Moving elevator 2 down from 25
Opening elevator 2 at floor 24
Opening elevator 0 at floor 15
Closing elevator 1 at floor 19
Opening elevator 2 at floor 24
Closing elevator 3 at floor 20
Moving elevator 1 down from 19
Moving elevator 3 down from 20
Moving elevator 1 down from 19
Opening elevator 1 at floor 18
Moving elevator 3 down from 20
Opening elevator 3 at floor 19
Opening elevator 1 at floor 18
Closing elevator 0 at floor 15
Opening elevator 3 at floor 19
Closing elevator 3 at floor 19
Moving elevator 0 down from 15
Moving elevator 3 down from 19
Moving elevator 0 down from 15
Opening elevator 0 at floor 14
Moving elevator 3 down from 19
Opening elevator 3 at floor 18
Opening elevator 0 at floor 14
Closing elevator 1 at floor 18
Opening elevator 3 at floor 18
Closing elevator 3 at floor 18
Moving elevator 1 down from 18
Moving elevator 3 down from 18
Moving elevator 1 down from 18
Opening elevator 1 at floor 17
Moving elevator 3 down from 18
Opening elevator 3 at floor 17
Opening elevator 1 at floor 17
Closing elevator 1 at floor 17
Opening elevator 3 at floor 17
Closing elevator 2 at floor 24
Moving elevator 1 down from 17
Moving elevator 2 down from 24
Moving elevator 1 down from 17
Opening elevator 1 at floor 16
Moving elevator 2 down from 24
Opening elevator 2 at floor 23
Opening elevator 1 at floor 16
Closing elevator 0 at floor 14
Opening elevator 2 at floor 23
Closing elevator 1 at floor 16
Moving elevator 0 down from 14
Moving elevator 1 down from 16
Moving elevator 0 down from 14
Opening elevator 0 at floor 13
Moving elevator 1 down from 16
Opening elevator 1 at floor 15
Opening elevator 0 at floor 13
Closing elevator 3 at floor 17
Opening elevator 1 at floor 15
Closing elevator 1 at floor 15
Moving elevator 3 down from 17
Moving elevator 1 down from 15
Moving elevator 3 down from 17
Opening elevator 3 at floor 16
Moving elevator 1 down from 15
Opening elevator 1 at floor 14
Opening elevator 3 at floor 16
Closing elevator 3 at floor 16
Opening elevator 1 at floor 14
Closing elevator 1 at floor 14
Moving elevator 3 down from 16
Moving elevator 1 down from 14
Moving elevator 3 down from 16
Opening elevator 3 at floor 15
Moving elevator 1 down from 14
Opening elevator 1 at floor 13
Opening elevator 3 at floor 15
Closing elevator 2 at floor 23
Opening elevator 1 at floor 13
Closing elevator 1 at floor 13
Moving elevator 2 down from 23
Moving elevator 1 down from 13
Moving elevator 2 down from 23
Opening elevator 2 at floor 22
Moving elevator 1 down from 13
Opening elevator 1 at floor 12
Opening elevator 2 at floor 22
Closing elevator 3 at floor 15
Opening elevator 1 at floor 12
Closing elevator 1 at floor 12
Moving elevator 3 down from 15
Moving elevator 1 down from 12
Moving elevator 3 down from 15
Opening elevator 3 at floor 14
Moving elevator 1 down from 12
Opening elevator 1 at floor 11
Opening elevator 3 at floor 14
Closing elevator 0 at floor 13
Opening elevator 1 at floor 11
Closing elevator 1 at floor 11
Moving elevator 0 down from 13
Moving elevator 1 down from 11
Moving elevator 0 down from 13
Opening elevator 0 at floor 12
Moving elevator 1 down from 11
Opening elevator 1 at floor 10
Opening elevator 0 at floor 12
Closing elevator 3 at floor 14
Opening elevator 1 at floor 10
Closing elevator 1 at floor 10
Moving elevator 3 down from 14
Moving elevator 1 down from 10
Moving elevator 3 down from 14
Opening elevator 3 at floor 13
Moving elevator 1 down from 10
Opening elevator 1 at floor 9
Opening elevator 3 at floor 13
Closing elevator 0 at floor 12
Opening elevator 1 at floor 9
VIOLATION: let passenger 5 on on wrong floor 9!=12.
